if { [catch {vsimulink high_pass_filter -t 1ns -voptargs=+acc   } errmsg] } {
    echo "Loading simulation and HDL Verifier library failed."; 
    echo $errmsg; 
    quit -f; 
}
# vsim high_pass_filter -t 1ns -voptargs="+acc" -foreign "simlinkserver {E:/Program Files/MATLAB/R2025b/toolbox/edalink/extensions/modelsim/windows64/liblfmhdls_tmwvs.dll}  ; -batch  ; -socket 58170 " 
# Start time: 11:16:12 on Feb 06,2026
# ** Note: (vsim-3812) Design is being optimized...
# //  ModelSim SE-64 2020.4 Oct 13 2020
# //
# //  Copyright 1991-2020 Mentor Graphics Corporation
# //  All Rights Reserved.
# //
# //  ModelSim SE-64 and its associated documentation contain trade
# //  secrets and commercial or financial information that are the property of
# //  Mentor Graphics Corporation and are privileged, confidential,
# //  and exempt from disclosure under the Freedom of Information Act,
# //  5 U.S.C. Section 552. Furthermore, this information
# //  is prohibited from disclosure under the Trade Secrets Act,
# //  18 U.S.C. Section 1905.
# //
# Loading std.standard
# Loading std.textio(body)
# Loading ieee.std_logic_1164(body)
# Loading ieee.std_logic_arith(body)
# Loading ieee.std_logic_signed(body)
# Loading work.comp_gen
# Loading work.high_pass_filter(comportamento)#1
# Loading work.reg_gen(comp)#1
# Loading work.div32(behavior)#1
# Loading ieee.std_logic_unsigned(body)
# Loading work.twoscompliment(comp)#1
# Loading work.sum_gen(comp)#1
# Loading E:/Program Files/MATLAB/R2025b/toolbox/edalink/extensions/modelsim/windows64/liblfmhdls_tmwvs.dll
# ************************************************************************
# HDL server has been started in batch mode. The HDL simulator will be 
# blocked until Simulink starts cosimulation. If you do not want to run
# in batch mode, restart the HDL simulator in a different run mode. To 
# exit the HDL simulator without running a cosimulation session, issue 
# the breakHdlSim('58170') command in MATLAB.

# 
# <EOF>
# End time: 11:16:17 on Feb 06,2026, Elapsed time: 0:00:05
# Errors: 0, Warnings: 0
